<?xml version="1.0" encoding="UTF-8"?>
<testsuite name="com.epam.rd.java.basic.practice8.db.entity.TeamTest" tests="2" skipped="0" failures="0" errors="0" timestamp="2020-09-15T03:02:16" hostname="DESKTOP-1A0RBB1" time="0.006">
  <properties/>
  <testcase name="teamHashCodeTest" classname="com.epam.rd.java.basic.practice8.db.entity.TeamTest" time="0.005"/>
  <testcase name="teamEqualsTest" classname="com.epam.rd.java.basic.practice8.db.entity.TeamTest" time="0.0"/>
  <system-out><![CDATA[]]></system-out>
  <system-err><![CDATA[]]></system-err>
</testsuite>
